2014/10/14 1:33:12 にビルドを開始しました。
     1>ノード 2 上のプロジェクト "C:\projects\WaterMelon\cocos2d\cocos\2d\cocos2d.vcxproj" (Build ターゲット)。
     1>ClCompile:
         C:\Program Files (x86)\Microsoft Visual Studio 12.0\VC\bin\CL.exe /c /I"C:\Program Files (x86)\Microsoft SDKs\Windows\v7.1A\include" /IC:\projects\WaterMelon\cocos2d\cocos\2d\..\..\external\sqlite3\include /IC:\projects\WaterMelon\cocos2d\cocos\2d\..\..\external\unzip /IC:\projects\WaterMelon\cocos2d\cocos\2d\..\..\external\edtaa3func /IC:\projects\WaterMelon\cocos2d\cocos\2d\..\..\external\tinyxml2 /IC:\projects\WaterMelon\cocos2d\cocos\2d\..\..\external\png\include\win32 /IC:\projects\WaterMelon\cocos2d\cocos\2d\..\..\external\jpeg\include\win32 /IC:\projects\WaterMelon\cocos2d\cocos\2d\..\..\external\tiff\include\win32 /IC:\projects\WaterMelon\cocos2d\cocos\2d\..\..\external\webp\include\win32 /IC:\projects\WaterMelon\cocos2d\cocos\2d\..\..\external\freetype2\include\win32 /I"C:\projects\WaterMelon\cocos2d\cocos\2d\..\..\external\win32-specific\icon\include" /I"C:\projects\WaterMelon\cocos2d\cocos\2d\..\..\external\win32-specific\zlib\include" /IC:\projects\WaterMelon\cocos2d\cocos\2d\..\..\external\chipmunk\include\chipmunk /IC:\projects\WaterMelon\cocos2d\cocos\2d\..\..\external\xxhash /IC:\projects\WaterMelon\cocos2d\cocos\2d\..\..\external\ConvertUTF /IC:\projects\WaterMelon\cocos2d\cocos\2d\..\..\external /IC:\projects\WaterMelon\cocos2d\cocos\2d\..\..\cocos /IC:\projects\WaterMelon\cocos2d\cocos\2d\..\..\cocos\platform\win32 /IC:\projects\WaterMelon\cocos2d\cocos\2d\..\..\cocos\platform\desktop /IC:\projects\WaterMelon\cocos2d\cocos\2d\..\..\external\glfw3\include\win32 /I"C:\projects\WaterMelon\cocos2d\cocos\2d\..\..\external\win32-specific\gles\include\OGLES" /nologo /W3 /WX- /MP /O1 /Oy- /D WIN32 /D NDEBUG /D _WINDOWS /D _LIB /D COCOS2DXWIN32_EXPORTS /D GL_GLEXT_PROTOTYPES /D _CRT_SECURE_NO_WARNINGS /D _SCL_SECURE_NO_WARNINGS /D _VARIADIC_MAX=10 /D _UNICODE /D UNICODE /Gm- /EHsc /MD /GS /fp:precise /Zc:wchar_t /Zc:forScope /Fo"Release.win32\\" /Fd"Release.win32\vc120.pdb" /Gd /TP /wd4267 /wd4251 /wd4244 /analyze- /errorReport:prompt ..\..\external\ConvertUTF\ConvertUTF.c ..\..\external\ConvertUTF\ConvertUTFWrapper.cpp ..\..\external\edtaa3func\edtaa3func.cpp ..\..\external\tinyxml2\tinyxml2.cpp ..\..\external\unzip\ioapi.cpp ..\..\external\unzip\unzip.cpp ..\..\external\xxhash\xxhash.c ..\3d\CCAnimate3D.cpp ..\3d\CCAnimation3D.cpp ..\3d\CCBundle3D.cpp ..\3d\CCBundleReader.cpp ..\3d\CCMesh.cpp ..\3d\CCMeshSkin.cpp ..\3d\CCObjLoader.cpp ..\3d\CCSprite3D.cpp ..\3d\CCSprite3DMaterial.cpp ..\base\atitc.cpp ..\base\base64.cpp ..\base\CCAutoreleasePool.cpp ..\base\ccCArray.cpp ..\base\CCConfiguration.cpp ..\base\CCConsole.cpp ..\base\CCData.cpp ..\base\CCDataVisitor.cpp ..\base\CCDirector.cpp ..\base\CCEvent.cpp ..\base\CCEventAcceleration.cpp ..\base\CCEventCustom.cpp ..\base\CCEventDispatcher.cpp ..\base\CCEventFocus.cpp ..\base\CCEventKeyboard.cpp ..\base\CCEventListener.cpp ..\base\CCEventListenerAcceleration.cpp ..\base\CCEventListenerCustom.cpp ..\base\CCEventListenerFocus.cpp ..\base\CCEventListenerKeyboard.cpp ..\base\CCEventListenerMouse.cpp ..\base\CCEventListenerTouch.cpp ..\base\CCEventMouse.cpp ..\base\CCEventTouch.cpp ..\base\ccFPSImages.c ..\base\CCIMEDispatcher.cpp ..\base\CCNS.cpp ..\base\CCProfiling.cpp ..\base\CCRef.cpp ..\base\CCScheduler.cpp ..\base\CCScriptSupport.cpp ..\base\CCTouch.cpp ..\base\ccTypes.cpp ..\base\CCUserDefault.cpp ..\base\ccUTF8.cpp ..\base\ccUtils.cpp ..\base\CCValue.cpp ..\base\etc1.cpp ..\base\ObjectFactory.cpp ..\base\s3tc.cpp ..\base\TGAlib.cpp ..\base\ZipUtils.cpp ..\cocos2d.cpp ..\deprecated\CCArray.cpp ..\deprecated\CCDeprecated.cpp ..\deprecated\CCDictionary.cpp ..\deprecated\CCNotificationCenter.cpp ..\deprecated\CCSet.cpp ..\deprecated\CCString.cpp ..\math\CCAffineTransform.cpp ..\math\CCGeometry.cpp ..\math\CCVertex.cpp ..\math\Mat4.cpp ..\math\MathUtil.cpp ..\math\Quaternion.cpp ..\math\TransformUtils.cpp ..\math\Vec2.cpp ..\math\Vec3.cpp ..\math\Vec4.cpp ..\physics\CCPhysicsBody.cpp ..\physics\CCPhysicsContact.cpp ..\physics\CCPhysicsJoint.cpp ..\physics\CCPhysicsShape.cpp ..\physics\CCPhysicsWorld.cpp ..\physics\chipmunk\CCPhysicsBodyInfo_chipmunk.cpp ..\physics\chipmunk\CCPhysicsContactInfo_chipmunk.cpp ..\physics\chipmunk\CCPhysicsJointInfo_chipmunk.cpp ..\physics\chipmunk\CCPhysicsShapeInfo_chipmunk.cpp ..\physics\chipmunk\CCPhysicsWorldInfo_chipmunk.cpp ..\platform\CCFileUtils.cpp ..\platform\CCGLViewProtocol.cpp ..\platform\CCImage.cpp ..\platform\CCSAXParser.cpp ..\platform\CCThread.cpp ..\platform\desktop\CCGLView.cpp ..\platform\win32\CCApplication.cpp ..\platform\win32\CCCommon.cpp ..\platform\win32\CCDevice.cpp ..\platform\win32\CCFileUtilsWin32.cpp ..\platform\win32\CCStdC.cpp ..\renderer\CCBatchCommand.cpp ..\renderer\CCCustomCommand.cpp ..\renderer\CCGLProgram.cpp ..\renderer\CCGLProgramCache.cpp ..\renderer\CCGLProgramState.cpp ..\renderer\CCGLProgramStateCache.cpp ..\renderer\ccGLStateCache.cpp ..\renderer\CCGroupCommand.cpp ..\renderer\CCMeshCommand.cpp ..\renderer\CCQuadCommand.cpp ..\renderer\CCRenderCommand.cpp ..\renderer\CCRenderer.cpp ..\renderer\ccShaders.cpp ..\renderer\CCTexture2D.cpp ..\renderer\CCTextureAtlas.cpp ..\renderer\CCTextureCache.cpp CCAction.cpp CCActionCamera.cpp CCActionCatmullRom.cpp CCActionEase.cpp CCActionGrid.cpp CCActionGrid3D.cpp CCActionInstant.cpp CCActionInterval.cpp CCActionManager.cpp CCActionPageTurn3D.cpp CCActionProgressTimer.cpp CCActionTiledGrid.cpp CCActionTween.cpp CCAnimation.cpp CCAnimationCache.cpp CCAtlasNode.cpp CCClippingNode.cpp CCComponent.cpp CCComponentContainer.cpp CCDrawingPrimitives.cpp CCDrawNode.cpp CCFastTMXLayer.cpp CCFastTMXTiledMap.cpp CCFont.cpp CCFontAtlas.cpp CCFontAtlasCache.cpp CCFontCharMap.cpp CCFontFNT.cpp CCFontFreeType.cpp CCGLBufferedNode.cpp CCGrabber.cpp CCGrid.cpp CCLabel.cpp CCLabelAtlas.cpp CCLabelBMFont.cpp CCLabelTextFormatter.cpp CCLabelTTF.cpp CCLayer.cpp CCMenu.cpp CCMenuItem.cpp CCMotionStreak.cpp CCNode.cpp CCNodeGrid.cpp CCParallaxNode.cpp CCParticleBatchNode.cpp CCParticleExamples.cpp CCParticleSystem.cpp CCParticleSystemQuad.cpp CCProgressTimer.cpp CCRenderTexture.cpp CCScene.cpp CCSprite.cpp CCSpriteBatchNode.cpp CCSpriteFrame.cpp CCSpriteFrameCache.cpp CCTextFieldTTF.cpp CCTileMapAtlas.cpp CCTMXLayer.cpp CCTMXObjectGroup.cpp CCTMXTiledMap.cpp CCTMXXMLParser.cpp CCTransition.cpp CCTransitionPageTurn.cpp CCTransitionProgress.cpp CCTweenFunction.cpp
         ConvertUTF.c
         ConvertUTFWrapper.cpp
         edtaa3func.cpp
         tinyxml2.cpp
         ioapi.cpp
         unzip.cpp
         xxhash.c
         CCAnimate3D.cpp
     1>..\..\external\xxhash\xxhash.c(312): warning C4804: '/' : 演算中の 'bool' 型の使用方法が安全ではありません
         CCAnimation3D.cpp
         CCBundle3D.cpp
         CCBundleReader.cpp
     1>C:\Program Files (x86)\Windows Kits\8.1\Include\um\WinSock2.h(882): fatal error C1083: include ファイルを開けません。'qos.h':No such file or directory (..\3d\CCAnimation3D.cpp)
         CCMesh.cpp
     1>C:\Program Files (x86)\Windows Kits\8.1\Include\um\WinSock2.h(882): fatal error C1083: include ファイルを開けません。'qos.h':No such file or directory (..\3d\CCBundle3D.cpp)
     1>C:\Program Files (x86)\Windows Kits\8.1\Include\um\WinSock2.h(882): fatal error C1083: include ファイルを開けません。'qos.h':No such file or directory (..\3d\CCAnimate3D.cpp)
         CCMeshSkin.cpp
         CCObjLoader.cpp
     1>C:\Program Files (x86)\Windows Kits\8.1\Include\um\WinSock2.h(882): fatal error C1083: include ファイルを開けません。'qos.h':No such file or directory (..\3d\CCBundleReader.cpp)
         CCSprite3D.cpp
     1>C:\Program Files (x86)\Windows Kits\8.1\Include\um\WinSock2.h(882): fatal error C1083: include ファイルを開けません。'qos.h':No such file or directory (..\3d\CCSprite3D.cpp)
         CCSprite3DMaterial.cpp
     1>C:\Program Files (x86)\Windows Kits\8.1\Include\um\WinSock2.h(882): fatal error C1083: include ファイルを開けません。'qos.h':No such file or directory (..\3d\CCMesh.cpp)
     1>C:\Program Files (x86)\Windows Kits\8.1\Include\um\WinSock2.h(882): fatal error C1083: include ファイルを開けません。'qos.h':No such file or directory (..\3d\CCObjLoader.cpp)
         atitc.cpp
         base64.cpp
     1>C:\Program Files (x86)\Windows Kits\8.1\Include\um\WinSock2.h(882): fatal error C1083: include ファイルを開けません。'qos.h':No such file or directory (..\3d\CCMeshSkin.cpp)
         CCAutoreleasePool.cpp
         ccCArray.cpp
     1>C:\Program Files (x86)\Windows Kits\8.1\Include\um\WinSock2.h(882): fatal error C1083: include ファイルを開けません。'qos.h':No such file or directory (..\base\atitc.cpp)
         CCConfiguration.cpp
     1>C:\Program Files (x86)\Windows Kits\8.1\Include\um\WinSock2.h(882): fatal error C1083: include ファイルを開けません。'qos.h':No such file or directory (..\base\ccCArray.cpp)
     1>C:\projects\WaterMelon\cocos2d\cocos\2d\..\..\external\win32-specific\gles\include\OGLES\GL/glew.h(1167): fatal error C1083: include ファイルを開けません。'GL/glu.h':No such file or directory (..\base\CCConfiguration.cpp)
         CCConsole.cpp
         CCData.cpp
     1>C:\Program Files (x86)\Windows Kits\8.1\Include\um\WinSock2.h(882): fatal error C1083: include ファイルを開けません。'qos.h':No such file or directory (..\3d\CCSprite3DMaterial.cpp)
         CCDataVisitor.cpp
     1>C:\Program Files (x86)\Windows Kits\8.1\Include\um\WinSock2.h(882): fatal error C1083: include ファイルを開けません。'qos.h':No such file or directory (..\base\CCAutoreleasePool.cpp)
         CCDirector.cpp
     1>C:\Program Files (x86)\Windows Kits\8.1\Include\um\WinSock2.h(882): fatal error C1083: include ファイルを開けません。'qos.h':No such file or directory (..\base\CCConsole.cpp)
         CCEvent.cpp
     1>C:\Program Files (x86)\Windows Kits\8.1\Include\um\WinSock2.h(882): fatal error C1083: include ファイルを開けません。'qos.h':No such file or directory (..\base\CCData.cpp)
         CCEventAcceleration.cpp
     1>C:\Program Files (x86)\Windows Kits\8.1\Include\um\WinSock2.h(882): fatal error C1083: include ファイルを開けません。'qos.h':No such file or directory (..\base\CCDataVisitor.cpp)
         CCEventCustom.cpp
         CCEventDispatcher.cpp
     1>C:\Program Files (x86)\Windows Kits\8.1\Include\um\WinSock2.h(882): fatal error C1083: include ファイルを開けません。'qos.h':No such file or directory (..\base\CCDirector.cpp)
         CCEventFocus.cpp
     1>C:\Program Files (x86)\Windows Kits\8.1\Include\um\WinSock2.h(882): fatal error C1083: include ファイルを開けません。'qos.h':No such file or directory (..\base\CCEventAcceleration.cpp)
         CCEventKeyboard.cpp
         CCEventListener.cpp
     1>C:\Program Files (x86)\Windows Kits\8.1\Include\um\WinSock2.h(882): fatal error C1083: include ファイルを開けません。'qos.h':No such file or directory (..\base\CCEventCustom.cpp)
         CCEventListenerAcceleration.cpp
     1>C:\Program Files (x86)\Windows Kits\8.1\Include\um\WinSock2.h(882): fatal error C1083: include ファイルを開けません。'qos.h':No such file or directory (..\base\CCEventDispatcher.cpp)
         CCEventListenerCustom.cpp
     1>C:\Program Files (x86)\Windows Kits\8.1\Include\um\WinSock2.h(882): fatal error C1083: include ファイルを開けません。'qos.h':No such file or directory (..\base\CCEventListener.cpp)
         CCEventListenerFocus.cpp
         CCEventListenerKeyboard.cpp
         CCEventListenerMouse.cpp
     1>C:\Program Files (x86)\Windows Kits\8.1\Include\um\WinSock2.h(882): fatal error C1083: include ファイルを開けません。'qos.h':No such file or directory (..\base\CCEventListenerAcceleration.cpp)
         CCEventListenerTouch.cpp
         CCEventMouse.cpp
     1>C:\Program Files (x86)\Windows Kits\8.1\Include\um\WinSock2.h(882): fatal error C1083: include ファイルを開けません。'qos.h':No such file or directory (..\base\CCEventListenerKeyboard.cpp)
         CCEventTouch.cpp
     1>C:\Program Files (x86)\Windows Kits\8.1\Include\um\WinSock2.h(882): fatal error C1083: include ファイルを開けません。'qos.h':No such file or directory (..\base\CCEventListenerFocus.cpp)
         ccFPSImages.c
         CCIMEDispatcher.cpp
         CCNS.cpp
     1>C:\Program Files (x86)\Windows Kits\8.1\Include\um\WinSock2.h(882): fatal error C1083: include ファイルを開けません。'qos.h':No such file or directory (..\base\CCEventListenerTouch.cpp)
         CCProfiling.cpp
     1>C:\Program Files (x86)\Windows Kits\8.1\Include\um\WinSock2.h(882): fatal error C1083: include ファイルを開けません。'qos.h':No such file or directory (..\base\CCEventTouch.cpp)
         CCRef.cpp
     1>C:\Program Files (x86)\Windows Kits\8.1\Include\um\WinSock2.h(882): fatal error C1083: include ファイルを開けません。'qos.h':No such file or directory (..\base\CCIMEDispatcher.cpp)
         CCScheduler.cpp
     1>C:\Program Files (x86)\Windows Kits\8.1\Include\um\WinSock2.h(882): fatal error C1083: include ファイルを開けません。'qos.h':No such file or directory (..\base\CCNS.cpp)
         CCScriptSupport.cpp
     1>C:\Program Files (x86)\Windows Kits\8.1\Include\um\WinSock2.h(882): fatal error C1083: include ファイルを開けません。'qos.h':No such file or directory (..\base\CCProfiling.cpp)
         CCTouch.cpp
     1>C:\Program Files (x86)\Windows Kits\8.1\Include\um\WinSock2.h(882): fatal error C1083: include ファイルを開けません。'qos.h':No such file or directory (..\base\CCRef.cpp)
         ccTypes.cpp
     1>C:\Program Files (x86)\Windows Kits\8.1\Include\um\WinSock2.h(882): fatal error C1083: include ファイルを開けません。'qos.h':No such file or directory (..\base\CCScriptSupport.cpp)
     1>C:\Program Files (x86)\Windows Kits\8.1\Include\um\WinSock2.h(882): fatal error C1083: include ファイルを開けません。'qos.h':No such file or directory (..\base\CCScheduler.cpp)
         CCUserDefault.cpp
         ccUTF8.cpp
     1>c:\projects\watermelon\cocos2d\cocos\base\ccUTF8.h : warning C4819: ファイルは、現在のコード ページ (932) で表示できない文字を含んでいます。データの損失を防ぐために、ファイルを Unicode 形式で保存してください。 (..\base\ccUTF8.cpp)
     1>C:\Program Files (x86)\Windows Kits\8.1\Include\um\WinSock2.h(882): fatal error C1083: include ファイルを開けません。'qos.h':No such file or directory (..\base\CCTouch.cpp)
         ccUtils.cpp
     1>C:\projects\WaterMelon\cocos2d\cocos\2d\..\..\cocos\base/ccUtils.h : warning C4819: ファイルは、現在のコード ページ (932) で表示できない文字を含んでいます。データの損失を防ぐために、ファイルを Unicode 形式で保存してください。 (..\base\ccUtils.cpp)
     1>C:\Program Files (x86)\Windows Kits\8.1\Include\um\WinSock2.h(882): fatal error C1083: include ファイルを開けません。'qos.h':No such file or directory (..\base\ccTypes.cpp)
     1>C:\Program Files (x86)\Windows Kits\8.1\Include\um\WinSock2.h(882): fatal error C1083: include ファイルを開けません。'qos.h':No such file or directory (..\base\CCUserDefault.cpp)
         CCValue.cpp
         etc1.cpp
     1>C:\Program Files (x86)\Windows Kits\8.1\Include\um\WinSock2.h(882): fatal error C1083: include ファイルを開けません。'qos.h':No such file or directory (..\base\ccUTF8.cpp)
         ObjectFactory.cpp
         s3tc.cpp
     1>C:\Program Files (x86)\Windows Kits\8.1\Include\um\WinSock2.h(882): fatal error C1083: include ファイルを開けません。'qos.h':No such file or directory (..\base\ccUtils.cpp)
         TGAlib.cpp
     1>C:\Program Files (x86)\Windows Kits\8.1\Include\um\WinSock2.h(882): fatal error C1083: include ファイルを開けません。'qos.h':No such file or directory (..\base\CCValue.cpp)
         ZipUtils.cpp
     1>C:\Program Files (x86)\Windows Kits\8.1\Include\um\WinSock2.h(882): fatal error C1083: include ファイルを開けません。'qos.h':No such file or directory (..\base\s3tc.cpp)
         cocos2d.cpp
         CCArray.cpp
         CCDeprecated.cpp
     1>C:\Program Files (x86)\Windows Kits\8.1\Include\um\WinSock2.h(882): fatal error C1083: include ファイルを開けません。'qos.h':No such file or directory (..\base\TGAlib.cpp)
     1>C:\Program Files (x86)\Windows Kits\8.1\Include\um\WinSock2.h(882): fatal error C1083: include ファイルを開けません。'qos.h':No such file or directory (..\deprecated\CCArray.cpp)
         CCDictionary.cpp
     1>C:\Program Files (x86)\Windows Kits\8.1\Include\um\WinSock2.h(882): fatal error C1083: include ファイルを開けません。'qos.h':No such file or directory (..\deprecated\CCDeprecated.cpp)
         CCNotificationCenter.cpp
         CCSet.cpp
     1>C:\Program Files (x86)\Windows Kits\8.1\Include\um\WinSock2.h(882): fatal error C1083: include ファイルを開けません。'qos.h':No such file or directory (..\base\ZipUtils.cpp)
         CCString.cpp
     1>C:\Program Files (x86)\Windows Kits\8.1\Include\um\WinSock2.h(882): fatal error C1083: include ファイルを開けません。'qos.h':No such file or directory (..\deprecated\CCDictionary.cpp)
         CCAffineTransform.cpp
         CCGeometry.cpp
     1>C:\Program Files (x86)\Windows Kits\8.1\Include\um\WinSock2.h(882): fatal error C1083: include ファイルを開けません。'qos.h':No such file or directory (..\deprecated\CCNotificationCenter.cpp)
         CCVertex.cpp
     1>C:\Program Files (x86)\Windows Kits\8.1\Include\um\WinSock2.h(882): fatal error C1083: include ファイルを開けません。'qos.h':No such file or directory (..\deprecated\CCString.cpp)
         Mat4.cpp
     1>C:\Program Files (x86)\Windows Kits\8.1\Include\um\WinSock2.h(882): fatal error C1083: include ファイルを開けません。'qos.h':No such file or directory (..\math\CCAffineTransform.cpp)
         MathUtil.cpp
     1>C:\Program Files (x86)\Windows Kits\8.1\Include\um\WinSock2.h(882): fatal error C1083: include ファイルを開けません。'qos.h':No such file or directory (..\math\CCGeometry.cpp)
         Quaternion.cpp
     1>C:\Program Files (x86)\Windows Kits\8.1\Include\um\WinSock2.h(882): fatal error C1083: include ファイルを開けません。'qos.h':No such file or directory (..\math\CCVertex.cpp)
         TransformUtils.cpp
     1>C:\projects\WaterMelon\cocos2d\cocos\2d\..\..\external\win32-specific\gles\include\OGLES\GL/glew.h(1167): fatal error C1083: include ファイルを開けません。'GL/glu.h':No such file or directory (..\math\TransformUtils.cpp)
         Vec2.cpp
     1>C:\Program Files (x86)\Windows Kits\8.1\Include\um\WinSock2.h(882): fatal error C1083: include ファイルを開けません。'qos.h':No such file or directory (..\math\Mat4.cpp)
         Vec3.cpp
     1>C:\Program Files (x86)\Windows Kits\8.1\Include\um\WinSock2.h(882): fatal error C1083: include ファイルを開けません。'qos.h':No such file or directory (..\math\MathUtil.cpp)
         Vec4.cpp
     1>C:\Program Files (x86)\Windows Kits\8.1\Include\um\WinSock2.h(882): fatal error C1083: include ファイルを開けません。'qos.h':No such file or directory (..\math\Quaternion.cpp)
         CCPhysicsBody.cpp
     1>C:\Program Files (x86)\Windows Kits\8.1\Include\um\WinSock2.h(882): fatal error C1083: include ファイルを開けません。'qos.h':No such file or directory (..\math\Vec2.cpp)
         CCPhysicsContact.cpp
     1>C:\Program Files (x86)\Windows Kits\8.1\Include\um\WinSock2.h(882): fatal error C1083: include ファイルを開けません。'qos.h':No such file or directory (..\math\Vec3.cpp)
         CCPhysicsJoint.cpp
     1>C:\Program Files (x86)\Windows Kits\8.1\Include\um\WinSock2.h(882): fatal error C1083: include ファイルを開けません。'qos.h':No such file or directory (..\math\Vec4.cpp)
         CCPhysicsShape.cpp
     1>C:\Program Files (x86)\Windows Kits\8.1\Include\um\WinSock2.h(882): fatal error C1083: include ファイルを開けません。'qos.h':No such file or directory (..\physics\CCPhysicsBody.cpp)
         CCPhysicsWorld.cpp
     1>C:\Program Files (x86)\Windows Kits\8.1\Include\um\WinSock2.h(882): fatal error C1083: include ファイルを開けません。'qos.h':No such file or directory (..\physics\CCPhysicsContact.cpp)
         CCPhysicsBodyInfo_chipmunk.cpp
     1>C:\Program Files (x86)\Windows Kits\8.1\Include\um\WinSock2.h(882): fatal error C1083: include ファイルを開けません。'qos.h':No such file or directory (..\physics\CCPhysicsJoint.cpp)
         CCPhysicsContactInfo_chipmunk.cpp
     1>c:\projects\watermelon\cocos2d\external\chipmunk\include\chipmunk\cpBB.h(105): warning C4056: 浮動小数点数の定数演算でオーバーフローしました。 (..\physics\chipmunk\CCPhysicsBodyInfo_chipmunk.cpp)
     1>c:\projects\watermelon\cocos2d\external\chipmunk\include\chipmunk\cpBB.h(111): warning C4056: 浮動小数点数の定数演算でオーバーフローしました。 (..\physics\chipmunk\CCPhysicsBodyInfo_chipmunk.cpp)
     1>c:\projects\watermelon\cocos2d\external\chipmunk\include\chipmunk\cpBB.h(105): warning C4056: 浮動小数点数の定数演算でオーバーフローしました。 (..\physics\chipmunk\CCPhysicsContactInfo_chipmunk.cpp)
     1>c:\projects\watermelon\cocos2d\external\chipmunk\include\chipmunk\cpBB.h(111): warning C4056: 浮動小数点数の定数演算でオーバーフローしました。 (..\physics\chipmunk\CCPhysicsContactInfo_chipmunk.cpp)
         CCPhysicsJointInfo_chipmunk.cpp
     1>C:\Program Files (x86)\Windows Kits\8.1\Include\um\WinSock2.h(882): fatal error C1083: include ファイルを開けません。'qos.h':No such file or directory (..\physics\CCPhysicsWorld.cpp)
         CCPhysicsShapeInfo_chipmunk.cpp
     1>c:\projects\watermelon\cocos2d\external\chipmunk\include\chipmunk\cpBB.h(105): warning C4056: 浮動小数点数の定数演算でオーバーフローしました。 (..\physics\chipmunk\CCPhysicsJointInfo_chipmunk.cpp)
     1>c:\projects\watermelon\cocos2d\external\chipmunk\include\chipmunk\cpBB.h(111): warning C4056: 浮動小数点数の定数演算でオーバーフローしました。 (..\physics\chipmunk\CCPhysicsJointInfo_chipmunk.cpp)
         CCPhysicsWorldInfo_chipmunk.cpp
     1>C:\Program Files (x86)\Windows Kits\8.1\Include\um\WinSock2.h(882): fatal error C1083: include ファイルを開けません。'qos.h':No such file or directory (..\physics\CCPhysicsShape.cpp)
         CCFileUtils.cpp
     1>c:\projects\watermelon\cocos2d\external\chipmunk\include\chipmunk\cpBB.h(105): warning C4056: 浮動小数点数の定数演算でオーバーフローしました。 (..\physics\chipmunk\CCPhysicsShapeInfo_chipmunk.cpp)
     1>c:\projects\watermelon\cocos2d\external\chipmunk\include\chipmunk\cpBB.h(111): warning C4056: 浮動小数点数の定数演算でオーバーフローしました。 (..\physics\chipmunk\CCPhysicsShapeInfo_chipmunk.cpp)
     1>c:\projects\watermelon\cocos2d\external\chipmunk\include\chipmunk\cpBB.h(105): warning C4056: 浮動小数点数の定数演算でオーバーフローしました。 (..\physics\chipmunk\CCPhysicsWorldInfo_chipmunk.cpp)
     1>c:\projects\watermelon\cocos2d\external\chipmunk\include\chipmunk\cpBB.h(111): warning C4056: 浮動小数点数の定数演算でオーバーフローしました。 (..\physics\chipmunk\CCPhysicsWorldInfo_chipmunk.cpp)
         CCGLViewProtocol.cpp
         CCImage.cpp
     1>C:\Program Files (x86)\Windows Kits\8.1\Include\um\WinSock2.h(882): fatal error C1083: include ファイルを開けません。'qos.h':No such file or directory (..\physics\chipmunk\CCPhysicsWorldInfo_chipmunk.cpp)
         CCSAXParser.cpp
     1>..\platform\CCSAXParser.cpp : warning C4819: ファイルは、現在のコード ページ (932) で表示できない文字を含んでいます。データの損失を防ぐために、ファイルを Unicode 形式で保存してください。
     1>C:\projects\WaterMelon\cocos2d\cocos\2d\..\..\cocos\platform/CCSAXParser.h : warning C4819: ファイルは、現在のコード ページ (932) で表示できない文字を含んでいます。データの損失を防ぐために、ファイルを Unicode 形式で保存してください。 (..\platform\CCSAXParser.cpp)
     1>C:\Program Files (x86)\Windows Kits\8.1\Include\um\WinSock2.h(882): fatal error C1083: include ファイルを開けません。'qos.h':No such file or directory (..\platform\CCFileUtils.cpp)
         CCThread.cpp
     1>C:\Program Files (x86)\Windows Kits\8.1\Include\um\WinSock2.h(882): fatal error C1083: include ファイルを開けません。'qos.h':No such file or directory (..\platform\CCGLViewProtocol.cpp)
         CCGLView.cpp
     1>C:\Program Files (x86)\Windows Kits\8.1\Include\um\WinSock2.h(882): fatal error C1083: include ファイルを開けません。'qos.h':No such file or directory (..\platform\CCImage.cpp)
         CCApplication.cpp
     1>C:\Program Files (x86)\Windows Kits\8.1\Include\um\WinSock2.h(882): fatal error C1083: include ファイルを開けません。'qos.h':No such file or directory (..\platform\CCSAXParser.cpp)
         CCCommon.cpp
     1>C:\Program Files (x86)\Windows Kits\8.1\Include\um\WinSock2.h(882): fatal error C1083: include ファイルを開けません。'qos.h':No such file or directory (..\platform\win32\CCApplication.cpp)
     1>C:\Program Files (x86)\Windows Kits\8.1\Include\um\WinSock2.h(882): fatal error C1083: include ファイルを開けません。'qos.h':No such file or directory (..\platform\CCThread.cpp)
         CCDevice.cpp
         CCFileUtilsWin32.cpp
     1>C:\Program Files (x86)\Windows Kits\8.1\Include\um\WinSock2.h(882): fatal error C1083: include ファイルを開けません。'qos.h':No such file or directory (..\platform\desktop\CCGLView.cpp)
         CCStdC.cpp
     1>C:\Program Files (x86)\Windows Kits\8.1\Include\um\WinSock2.h(882): fatal error C1083: include ファイルを開けません。'qos.h':No such file or directory (..\platform\win32\CCCommon.cpp)
         CCBatchCommand.cpp
     1>C:\Program Files (x86)\Windows Kits\8.1\Include\um\WinSock2.h(882): fatal error C1083: include ファイルを開けません。'qos.h':No such file or directory (..\platform\win32\CCDevice.cpp)
         CCCustomCommand.cpp
     1>C:\Program Files (x86)\Windows Kits\8.1\Include\um\WinSock2.h(882): fatal error C1083: include ファイルを開けません。'qos.h':No such file or directory (..\platform\win32\CCStdC.cpp)
         CCGLProgram.cpp
     1>C:\Program Files (x86)\Windows Kits\8.1\Include\um\WinSock2.h(882): fatal error C1083: include ファイルを開けません。'qos.h':No such file or directory (..\platform\win32\CCFileUtilsWin32.cpp)
         CCGLProgramCache.cpp
     1>C:\Program Files (x86)\Windows Kits\8.1\Include\um\WinSock2.h(882): fatal error C1083: include ファイルを開けません。'qos.h':No such file or directory (..\renderer\CCBatchCommand.cpp)
         CCGLProgramState.cpp
     1>C:\Program Files (x86)\Windows Kits\8.1\Include\um\WinSock2.h(882): fatal error C1083: include ファイルを開けません。'qos.h':No such file or directory (..\renderer\CCCustomCommand.cpp)
         CCGLProgramStateCache.cpp
     1>C:\Program Files (x86)\Windows Kits\8.1\Include\um\WinSock2.h(882): fatal error C1083: include ファイルを開けません。'qos.h':No such file or directory (..\renderer\CCGLProgram.cpp)
         ccGLStateCache.cpp
     1>C:\projects\WaterMelon\cocos2d\cocos\2d\..\..\external\win32-specific\gles\include\OGLES\GL/glew.h(1167): fatal error C1083: include ファイルを開けません。'GL/glu.h':No such file or directory (..\renderer\ccGLStateCache.cpp)
         CCGroupCommand.cpp
     1>C:\Program Files (x86)\Windows Kits\8.1\Include\um\WinSock2.h(882): fatal error C1083: include ファイルを開けません。'qos.h':No such file or directory (..\renderer\CCGLProgramCache.cpp)
         CCMeshCommand.cpp
     1>C:\Program Files (x86)\Windows Kits\8.1\Include\um\WinSock2.h(882): fatal error C1083: include ファイルを開けません。'qos.h':No such file or directory (..\renderer\CCGLProgramState.cpp)
         CCQuadCommand.cpp
     1>C:\Program Files (x86)\Windows Kits\8.1\Include\um\WinSock2.h(882): fatal error C1083: include ファイルを開けません。'qos.h':No such file or directory (..\renderer\CCGLProgramStateCache.cpp)
     1>C:\Program Files (x86)\Windows Kits\8.1\Include\um\WinSock2.h(882): fatal error C1083: include ファイルを開けません。'qos.h':No such file or directory (..\renderer\CCMeshCommand.cpp)
         CCRenderCommand.cpp
         CCRenderer.cpp
     1>C:\Program Files (x86)\Windows Kits\8.1\Include\um\WinSock2.h(882): fatal error C1083: include ファイルを開けません。'qos.h':No such file or directory (..\renderer\CCGroupCommand.cpp)
         ccShaders.cpp
     1>C:\projects\WaterMelon\cocos2d\cocos\2d\..\..\external\win32-specific\gles\include\OGLES\GL/glew.h(1167): fatal error C1083: include ファイルを開けません。'GL/glu.h':No such file or directory (..\renderer\ccShaders.cpp)
         CCTexture2D.cpp
     1>C:\Program Files (x86)\Windows Kits\8.1\Include\um\WinSock2.h(882): fatal error C1083: include ファイルを開けません。'qos.h':No such file or directory (..\renderer\CCQuadCommand.cpp)
         CCTextureAtlas.cpp
     1>C:\Program Files (x86)\Windows Kits\8.1\Include\um\WinSock2.h(882): fatal error C1083: include ファイルを開けません。'qos.h':No such file or directory (..\renderer\CCRenderCommand.cpp)
         CCTextureCache.cpp
     1>C:\Program Files (x86)\Windows Kits\8.1\Include\um\WinSock2.h(882): fatal error C1083: include ファイルを開けません。'qos.h':No such file or directory (..\renderer\CCRenderer.cpp)
         CCAction.cpp
     1>C:\Program Files (x86)\Windows Kits\8.1\Include\um\WinSock2.h(882): fatal error C1083: include ファイルを開けません。'qos.h':No such file or directory (..\renderer\CCTexture2D.cpp)
         CCActionCamera.cpp
     1>C:\Program Files (x86)\Windows Kits\8.1\Include\um\WinSock2.h(882): fatal error C1083: include ファイルを開けません。'qos.h':No such file or directory (..\renderer\CCTextureAtlas.cpp)
         CCActionCatmullRom.cpp
     1>C:\Program Files (x86)\Windows Kits\8.1\Include\um\WinSock2.h(882): fatal error C1083: include ファイルを開けません。'qos.h':No such file or directory (CCAction.cpp)
         CCActionEase.cpp
     1>C:\Program Files (x86)\Windows Kits\8.1\Include\um\WinSock2.h(882): fatal error C1083: include ファイルを開けません。'qos.h':No such file or directory (..\renderer\CCTextureCache.cpp)
         CCActionGrid.cpp
     1>C:\Program Files (x86)\Windows Kits\8.1\Include\um\WinSock2.h(882): fatal error C1083: include ファイルを開けません。'qos.h':No such file or directory (CCActionCamera.cpp)
         CCActionGrid3D.cpp
     1>C:\Program Files (x86)\Windows Kits\8.1\Include\um\WinSock2.h(882): fatal error C1083: include ファイルを開けません。'qos.h':No such file or directory (CCActionCatmullRom.cpp)
         CCActionInstant.cpp
     1>C:\Program Files (x86)\Windows Kits\8.1\Include\um\WinSock2.h(882): fatal error C1083: include ファイルを開けません。'qos.h':No such file or directory (CCActionEase.cpp)
         CCActionInterval.cpp
     1>C:\Program Files (x86)\Windows Kits\8.1\Include\um\WinSock2.h(882): fatal error C1083: include ファイルを開けません。'qos.h':No such file or directory (CCActionGrid3D.cpp)
         CCActionManager.cpp
     1>C:\Program Files (x86)\Windows Kits\8.1\Include\um\WinSock2.h(882): fatal error C1083: include ファイルを開けません。'qos.h':No such file or directory (CCActionGrid.cpp)
         CCActionPageTurn3D.cpp
     1>C:\Program Files (x86)\Windows Kits\8.1\Include\um\WinSock2.h(882): fatal error C1083: include ファイルを開けません。'qos.h':No such file or directory (CCActionInstant.cpp)
         CCActionProgressTimer.cpp
     1>C:\Program Files (x86)\Windows Kits\8.1\Include\um\WinSock2.h(882): fatal error C1083: include ファイルを開けません。'qos.h':No such file or directory (CCActionInterval.cpp)
         CCActionTiledGrid.cpp
     1>C:\Program Files (x86)\Windows Kits\8.1\Include\um\WinSock2.h(882): fatal error C1083: include ファイルを開けません。'qos.h':No such file or directory (CCActionManager.cpp)
         CCActionTween.cpp
     1>C:\Program Files (x86)\Windows Kits\8.1\Include\um\WinSock2.h(882): fatal error C1083: include ファイルを開けません。'qos.h':No such file or directory (CCActionPageTurn3D.cpp)
         CCAnimation.cpp
     1>C:\Program Files (x86)\Windows Kits\8.1\Include\um\WinSock2.h(882): fatal error C1083: include ファイルを開けません。'qos.h':No such file or directory (CCActionProgressTimer.cpp)
         CCAnimationCache.cpp
     1>C:\Program Files (x86)\Windows Kits\8.1\Include\um\WinSock2.h(882): fatal error C1083: include ファイルを開けません。'qos.h':No such file or directory (CCActionTiledGrid.cpp)
         CCAtlasNode.cpp
     1>C:\Program Files (x86)\Windows Kits\8.1\Include\um\WinSock2.h(882): fatal error C1083: include ファイルを開けません。'qos.h':No such file or directory (CCAnimation.cpp)
     1>C:\Program Files (x86)\Windows Kits\8.1\Include\um\WinSock2.h(882): fatal error C1083: include ファイルを開けません。'qos.h':No such file or directory (CCActionTween.cpp)
         CCClippingNode.cpp
         CCComponent.cpp
     1>C:\Program Files (x86)\Windows Kits\8.1\Include\um\WinSock2.h(882): fatal error C1083: include ファイルを開けません。'qos.h':No such file or directory (CCAnimationCache.cpp)
         CCComponentContainer.cpp
     1>C:\Program Files (x86)\Windows Kits\8.1\Include\um\WinSock2.h(882): fatal error C1083: include ファイルを開けません。'qos.h':No such file or directory (CCAtlasNode.cpp)
         CCDrawingPrimitives.cpp
     1>C:\Program Files (x86)\Windows Kits\8.1\Include\um\WinSock2.h(882): fatal error C1083: include ファイルを開けません。'qos.h':No such file or directory (CCClippingNode.cpp)
         CCDrawNode.cpp
     1>C:\Program Files (x86)\Windows Kits\8.1\Include\um\WinSock2.h(882): fatal error C1083: include ファイルを開けません。'qos.h':No such file or directory (CCComponentContainer.cpp)
         CCFastTMXLayer.cpp
     1>C:\Program Files (x86)\Windows Kits\8.1\Include\um\WinSock2.h(882): fatal error C1083: include ファイルを開けません。'qos.h':No such file or directory (CCComponent.cpp)
         CCFastTMXTiledMap.cpp
     1>C:\Program Files (x86)\Windows Kits\8.1\Include\um\WinSock2.h(882): fatal error C1083: include ファイルを開けません。'qos.h':No such file or directory (CCDrawNode.cpp)
         CCFont.cpp
     1>CCFont.cpp : warning C4819: ファイルは、現在のコード ページ (932) で表示できない文字を含んでいます。データの損失を防ぐために、ファイルを Unicode 形式で保存してください。
     1>C:\Program Files (x86)\Windows Kits\8.1\Include\um\WinSock2.h(882): fatal error C1083: include ファイルを開けません。'qos.h':No such file or directory (CCFastTMXTiledMap.cpp)
         CCFontAtlas.cpp
     1>C:\Program Files (x86)\Windows Kits\8.1\Include\um\WinSock2.h(882): fatal error C1083: include ファイルを開けません。'qos.h':No such file or directory (CCDrawingPrimitives.cpp)
         CCFontAtlasCache.cpp
     1>C:\Program Files (x86)\Windows Kits\8.1\Include\um\WinSock2.h(882): fatal error C1083: include ファイルを開けません。'qos.h':No such file or directory (CCFastTMXLayer.cpp)
         CCFontCharMap.cpp
     1>C:\Program Files (x86)\Windows Kits\8.1\Include\um\WinSock2.h(882): fatal error C1083: include ファイルを開けません。'qos.h':No such file or directory (CCFontAtlas.cpp)
         CCFontFNT.cpp
     1>C:\Program Files (x86)\Windows Kits\8.1\Include\um\WinSock2.h(882): fatal error C1083: include ファイルを開けません。'qos.h':No such file or directory (CCFont.cpp)
         CCFontFreeType.cpp
     1>C:\Program Files (x86)\Windows Kits\8.1\Include\um\WinSock2.h(882): fatal error C1083: include ファイルを開けません。'qos.h':No such file or directory (CCFontAtlasCache.cpp)
         CCGLBufferedNode.cpp
     1>C:\projects\WaterMelon\cocos2d\cocos\2d\..\..\external\win32-specific\gles\include\OGLES\GL/glew.h(1167): fatal error C1083: include ファイルを開けません。'GL/glu.h':No such file or directory (CCGLBufferedNode.cpp)
         CCGrabber.cpp
     1>C:\projects\WaterMelon\cocos2d\cocos\2d\..\..\external\win32-specific\gles\include\OGLES\GL/glew.h(1167): fatal error C1083: include ファイルを開けません。'GL/glu.h':No such file or directory (CCGrabber.cpp)
     1>C:\Program Files (x86)\Windows Kits\8.1\Include\um\WinSock2.h(882): fatal error C1083: include ファイルを開けません。'qos.h':No such file or directory (CCFontCharMap.cpp)
         CCGrid.cpp
         CCLabel.cpp
     1>C:\Program Files (x86)\Windows Kits\8.1\Include\um\WinSock2.h(882): fatal error C1083: include ファイルを開けません。'qos.h':No such file or directory (CCFontFNT.cpp)
     1>C:\Program Files (x86)\Windows Kits\8.1\Include\um\WinSock2.h(882): fatal error C1083: include ファイルを開けません。'qos.h':No such file or directory (CCGrid.cpp)
         CCLabelAtlas.cpp
         CCLabelBMFont.cpp
     1>C:\Program Files (x86)\Windows Kits\8.1\Include\um\WinSock2.h(882): fatal error C1083: include ファイルを開けません。'qos.h':No such file or directory (CCFontFreeType.cpp)
         CCLabelTextFormatter.cpp
     1>C:\Program Files (x86)\Windows Kits\8.1\Include\um\WinSock2.h(882): fatal error C1083: include ファイルを開けません。'qos.h':No such file or directory (CCLabel.cpp)
         CCLabelTTF.cpp
     1>C:\projects\WaterMelon\cocos2d\cocos\2d\..\..\cocos\base/ccUTF8.h : warning C4819: ファイルは、現在のコード ページ (932) で表示できない文字を含んでいます。データの損失を防ぐために、ファイルを Unicode 形式で保存してください。 (CCLabelTextFormatter.cpp)
     1>C:\Program Files (x86)\Windows Kits\8.1\Include\um\WinSock2.h(882): fatal error C1083: include ファイルを開けません。'qos.h':No such file or directory (CCLabelAtlas.cpp)
         CCLayer.cpp
     1>C:\Program Files (x86)\Windows Kits\8.1\Include\um\WinSock2.h(882): fatal error C1083: include ファイルを開けません。'qos.h':No such file or directory (CCLabelTTF.cpp)
     1>C:\Program Files (x86)\Windows Kits\8.1\Include\um\WinSock2.h(882): fatal error C1083: include ファイルを開けません。'qos.h':No such file or directory (CCLabelBMFont.cpp)
         CCMenu.cpp
         CCMenuItem.cpp
     1>C:\Program Files (x86)\Windows Kits\8.1\Include\um\WinSock2.h(882): fatal error C1083: include ファイルを開けません。'qos.h':No such file or directory (CCLabelTextFormatter.cpp)
         CCMotionStreak.cpp
     1>C:\Program Files (x86)\Windows Kits\8.1\Include\um\WinSock2.h(882): fatal error C1083: include ファイルを開けません。'qos.h':No such file or directory (CCLayer.cpp)
         CCNode.cpp
     1>C:\Program Files (x86)\Windows Kits\8.1\Include\um\WinSock2.h(882): fatal error C1083: include ファイルを開けません。'qos.h':No such file or directory (CCMenu.cpp)
     1>C:\Program Files (x86)\Windows Kits\8.1\Include\um\WinSock2.h(882): fatal error C1083: include ファイルを開けません。'qos.h':No such file or directory (CCMenuItem.cpp)
         CCNodeGrid.cpp
         CCParallaxNode.cpp
     1>C:\Program Files (x86)\Windows Kits\8.1\Include\um\WinSock2.h(882): fatal error C1083: include ファイルを開けません。'qos.h':No such file or directory (CCNode.cpp)
         CCParticleBatchNode.cpp
     1>C:\Program Files (x86)\Windows Kits\8.1\Include\um\WinSock2.h(882): fatal error C1083: include ファイルを開けません。'qos.h':No such file or directory (CCMotionStreak.cpp)
         CCParticleExamples.cpp
     1>C:\Program Files (x86)\Windows Kits\8.1\Include\um\WinSock2.h(882): fatal error C1083: include ファイルを開けません。'qos.h':No such file or directory (CCNodeGrid.cpp)
         CCParticleSystem.cpp
     1>C:\Program Files (x86)\Windows Kits\8.1\Include\um\WinSock2.h(882): fatal error C1083: include ファイルを開けません。'qos.h':No such file or directory (CCParallaxNode.cpp)
     1>C:\Program Files (x86)\Windows Kits\8.1\Include\um\WinSock2.h(882): fatal error C1083: include ファイルを開けません。'qos.h':No such file or directory (CCParticleBatchNode.cpp)
         CCParticleSystemQuad.cpp
     1>C:\projects\WaterMelon\cocos2d\cocos\2d\..\..\external\win32-specific\gles\include\OGLES\GL/glew.h(1167): fatal error C1083: include ファイルを開けません。'GL/glu.h':No such file or directory (CCParticleSystemQuad.cpp)
         CCProgressTimer.cpp
         CCRenderTexture.cpp
     1>C:\Program Files (x86)\Windows Kits\8.1\Include\um\WinSock2.h(882): fatal error C1083: include ファイルを開けません。'qos.h':No such file or directory (CCParticleExamples.cpp)
         CCScene.cpp
     1>C:\Program Files (x86)\Windows Kits\8.1\Include\um\WinSock2.h(882): fatal error C1083: include ファイルを開けません。'qos.h':No such file or directory (CCProgressTimer.cpp)
     1>C:\Program Files (x86)\Windows Kits\8.1\Include\um\WinSock2.h(882): fatal error C1083: include ファイルを開けません。'qos.h':No such file or directory (CCRenderTexture.cpp)
         CCSprite.cpp
         CCSpriteBatchNode.cpp
     1>C:\Program Files (x86)\Windows Kits\8.1\Include\um\WinSock2.h(882): fatal error C1083: include ファイルを開けません。'qos.h':No such file or directory (CCParticleSystem.cpp)
         CCSpriteFrame.cpp
     1>C:\Program Files (x86)\Windows Kits\8.1\Include\um\WinSock2.h(882): fatal error C1083: include ファイルを開けません。'qos.h':No such file or directory (CCSprite.cpp)
         CCSpriteFrameCache.cpp
     1>C:\Program Files (x86)\Windows Kits\8.1\Include\um\WinSock2.h(882): fatal error C1083: include ファイルを開けません。'qos.h':No such file or directory (CCScene.cpp)
     1>C:\Program Files (x86)\Windows Kits\8.1\Include\um\WinSock2.h(882): fatal error C1083: include ファイルを開けません。'qos.h':No such file or directory (CCSpriteBatchNode.cpp)
         CCTextFieldTTF.cpp
         CCTileMapAtlas.cpp
     1>C:\Program Files (x86)\Windows Kits\8.1\Include\um\WinSock2.h(882): fatal error C1083: include ファイルを開けません。'qos.h':No such file or directory (CCSpriteFrameCache.cpp)
         CCTMXLayer.cpp
     1>C:\Program Files (x86)\Windows Kits\8.1\Include\um\WinSock2.h(882): fatal error C1083: include ファイルを開けません。'qos.h':No such file or directory (CCTileMapAtlas.cpp)
         CCTMXObjectGroup.cpp
     1>C:\Program Files (x86)\Windows Kits\8.1\Include\um\WinSock2.h(882): fatal error C1083: include ファイルを開けません。'qos.h':No such file or directory (CCSpriteFrame.cpp)
         CCTMXTiledMap.cpp
     1>C:\Program Files (x86)\Windows Kits\8.1\Include\um\WinSock2.h(882): fatal error C1083: include ファイルを開けません。'qos.h':No such file or directory (CCTextFieldTTF.cpp)
         CCTMXXMLParser.cpp
     1>CCTMXXMLParser.cpp : warning C4819: ファイルは、現在のコード ページ (932) で表示できない文字を含んでいます。データの損失を防ぐために、ファイルを Unicode 形式で保存してください。
     1>C:\Program Files (x86)\Windows Kits\8.1\Include\um\WinSock2.h(882): fatal error C1083: include ファイルを開けません。'qos.h':No such file or directory (CCTMXTiledMap.cpp)
         CCTransition.cpp
     1>C:\Program Files (x86)\Windows Kits\8.1\Include\um\WinSock2.h(882): fatal error C1083: include ファイルを開けません。'qos.h':No such file or directory (CCTMXLayer.cpp)
         CCTransitionPageTurn.cpp
     1>C:\Program Files (x86)\Windows Kits\8.1\Include\um\WinSock2.h(882): fatal error C1083: include ファイルを開けません。'qos.h':No such file or directory (CCTMXObjectGroup.cpp)
         CCTransitionProgress.cpp
     1>C:\Program Files (x86)\Windows Kits\8.1\Include\um\WinSock2.h(882): fatal error C1083: include ファイルを開けません。'qos.h':No such file or directory (CCTMXXMLParser.cpp)
         CCTweenFunction.cpp
     1>C:\Program Files (x86)\Windows Kits\8.1\Include\um\WinSock2.h(882): fatal error C1083: include ファイルを開けません。'qos.h':No such file or directory (CCTransition.cpp)
     1>C:\Program Files (x86)\Windows Kits\8.1\Include\um\WinSock2.h(882): fatal error C1083: include ファイルを開けません。'qos.h':No such file or directory (CCTransitionPageTurn.cpp)
     1>C:\Program Files (x86)\Windows Kits\8.1\Include\um\WinSock2.h(882): fatal error C1083: include ファイルを開けません。'qos.h':No such file or directory (CCTransitionProgress.cpp)
     1>C:\Program Files (x86)\Windows Kits\8.1\Include\um\WinSock2.h(882): fatal error C1083: include ファイルを開けません。'qos.h':No such file or directory (CCTweenFunction.cpp)
     1>プロジェクト "C:\projects\WaterMelon\cocos2d\cocos\2d\cocos2d.vcxproj" (Build ターゲット) のビルドが終了しました -- 失敗。

ビルドに失敗しました。

経過時間 00:01:28.63
